<?xml version="1.0" encoding="UTF-8"?>
<!-- Generated by org.testng.reporters.JUnitReportReporter -->
<testsuite hostname="Ankit-PC" name="com.test.demo.Login" tests="2" failures="0" timestamp="27 Mar 2018 12:16:33 GMT" time="45.351" errors="0">
  <testcase name="MuserloginTest" time="16.968" classname="com.test.demo.Login"/>
  <testcase name="RWloginTest" time="28.383" classname="com.test.demo.Login"/>
</testsuite> <!-- com.test.demo.Login -->
